
> flight-club@1.0.0 start:dev-client:clear
> expo start --dev-client --clear

[90menv: load .env[39m
[90menv: export EXPO_PUBLIC_SUPABASE_URL EXPO_PUBLIC_SUPABASE_ANON_KEY EXPO_PUBLIC_GOOGLE_PLACES_API_KEY EXPO_PUBLIC_FLICA_PARSE_AUDIT[39m
[90mStarting project at /Users/marcuswright/Desktop/projects/flight-club[39m
[90mReact Compiler enabled[39m
[2mStarting Metro Bundler[22m
[33mwarning[39m: Bundler cache is empty, rebuilding [2m(this may take a minute)[22m
▄▄▄▄▄▄▄▄▄▄▄▄▄▄▄▄▄▄▄▄▄▄▄▄▄▄▄▄▄▄▄▄▄▄▄▄▄▄▄
█ ▄▄▄▄▄ █ ▄▄ █▄▄ █▄▀█ ▄███▀ █▀█ ▄▄▄▄▄ █
█ █   █ ██▄█▀▀▄█▀▀ ▄█  ▄▄▀  ▄██ █   █ █
█ █▄▄▄█ █ ▀▀▄ ▀▀▄ ▀ █▄▄ ██▄▀█▀█ █▄▄▄█ █
█▄▄▄▄▄▄▄█ ▀▄█▄▀▄█▄█▄▀ █ █ █▄█ █▄▄▄▄▄▄▄█
█  ▄▀▀ ▄█▄▄█▄ ▄█▄ █ ▀▄█  ▀▀▄▀ ▄  ▄▀▀▄ █
█▀▄▀▀▄ ▄ ▄▀▀▀ ▄ ▀ ▄ ▄██ ▄▄▄▀▄▄▀▄▀▀ ▄█ █
███▀ ▀ ▄▄▀████  ███  █▄█▀ ██ ▀▀ ▄█▄▀█ █
█▄ ▄▄██▄ ▀ ▄▄█▀█▄█▄█ ▄▄ ▄▀█  ▀▄█▀▀▀▄▀ █
█▄▄  ██▄▀▄ ▀▄ ▄█▄ █▄ ██▄▀█▀█▀ ▀ ▄█ █▄▀█
█▀▄▄▄▀▀▄▄▀▀ ▀ ▄ ▀ ▄▀  ▄▀▄ ▄█▄ ▄▄▄▀▀█▄▄█
█  █ █ ▄ █▄ ██  ███ ▀▄█ ▀ ▀█▀ █ ██▄▀  █
█▀ ▀█▄ ▄ ▄█ ▄█▀█▄██  ▄█▄ ▄▄ ▄▀▀▀▄█ ▄█▄█
███ █▄█▄█▀▀▄▄ ▄█▄ ▄█ █▄█ ▀██  ▄  █▀█ ▀█
█▄▄ ▄ ▀▄▄▄█▄▀ ▄ ▀ ▄  ▀██▄▀▄▀  ▀█▀▄▄▄▀▄█
█▄▄█▄▄▄▄█  ███  █▄▀  ██▄ ▀▀█  ▄▄▄  ▀█ █
█ ▄▄▄▄▄ █▀ █▄█▀█▄█▄▄▄█▄▀ ▀██▀ █▄█ ▀▄▀ █
█ █   █ ██  ▄ ▄█ ██  ██ ▀██▀ ▄ ▄  ▄████
█ █▄▄▄█ █  █▀ ▄ ▄▄▄▄  █▄ ▀▄██  ██▄▀██▄█
█▄▄▄▄▄▄▄█▄████▄▄███▄▄▄▄██▄█▄█▄▄▄██▄██▄█

› Metro waiting on [4mexp+flight-club://expo-development-client/?url=http%3A%2F%2F172.21.34.14%3A8081[24m
› Scan the QR code above to open the project in a development build. [2m]8;;https://expo.fyi/startLearn more]8;;[22m

› Web is waiting on [4mhttp://localhost:8081[24m

› Using [36mdevelopment build[39m
› Press [1ms[22m [2m│[22m switch to Expo Go

› Press [1ma[22m [2m│[22m open Android
› Press [1mi[22m [2m│[22m open iOS simulator
› Press [1mw[22m [2m│[22m open web

› Press [1mj[22m [2m│[22m open debugger
› Press [1mr[22m [2m│[22m reload app
› Press [1mm[22m [2m│[22m toggle menu
› [1mshift+m[22m [2m│[22m more tools
› Press [1mo[22m [2m│[22m open project code in your editor

› Press [1m?[22m [2m│[22m show all commands

Logs for your project will appear below.[2m Press Ctrl+C to exit.[22m
